<?xml version="1.0" encoding="UTF-8"?>
<!-- Generated by org.testng.reporters.JUnitReportReporter -->
<testsuite hostname="DESKTOP-0ATAG9T" failures="0" tests="4" name="test.TestNGClass1" time="0.017" errors="0" timestamp="2023-03-14T22:57:35 IST" skipped="0">
  <testcase classname="test.TestNGClass1" name="testB" time="0.003"/>
  <system-out/>
  <testcase classname="test.TestNGClass1" name="testA" time="0.009"/>
  <system-out/>
  <testcase classname="test.TestNGClass1" name="testC" time="0.002"/>
  <system-out/>
  <testcase classname="test.TestNGClass1" name="testD" time="0.003"/>
  <system-out/>
</testsuite> <!-- test.TestNGClass1 -->
