<?xml version="1.0" encoding="UTF-8"?>
<!-- Generated by org.testng.reporters.JUnitReportReporter -->
<testsuite hostname="DESKTOP-0ATAG9T" failures="0" tests="4" name="testpack.VerifySignUpPage" time="15.330" errors="0" timestamp="2023-03-16T08:13:42 IST" skipped="0">
  <testcase classname="testpack.VerifySignUpPage" name="verifyLoginPage" time="3.998"/>
  <system-out/>
  <testcase classname="testpack.VerifySignUpPage" name="verifyLoginPage" time="5.039"/>
  <system-out/>
  <testcase classname="testpack.VerifySignUpPage" name="verifySignUpPage" time="3.507"/>
  <system-out/>
  <testcase classname="testpack.VerifySignUpPage" name="verifySignUpPage" time="2.786"/>
  <system-out/>
</testsuite> <!-- testpack.VerifySignUpPage -->
