<?xml version="1.0" encoding="UTF-8"?>
<!-- Generated by org.testng.reporters.JUnitReportReporter -->
<testsuite hostname="DESKTOP-0ATAG9T" failures="0" tests="4" name="testpack.TestNGClass1" time="0.000" errors="0" timestamp="2023-03-15T20:15:03 IST" skipped="4">
  <testcase classname="testpack.TestNGClass1" name="testC" time="0.000">
    <skipped/>
  </testcase> <!-- testC -->
  <system-out/>
  <testcase classname="testpack.TestNGClass1" name="testB" time="0.000">
    <skipped/>
  </testcase> <!-- testB -->
  <system-out/>
  <testcase classname="testpack.TestNGClass1" name="testD" time="0.000">
    <skipped/>
  </testcase> <!-- testD -->
  <system-out/>
  <testcase classname="testpack.TestNGClass1" name="testA" time="0.000">
    <skipped/>
  </testcase> <!-- testA -->
  <system-out/>
</testsuite> <!-- testpack.TestNGClass1 -->
