<?xml version="1.0" encoding="UTF-8"?>
<!-- Generated by org.testng.reporters.JUnitReportReporter -->
<testsuite hostname="DESKTOP-0ATAG9T" failures="0" tests="2" name="testpack.TestngClassSimple$VerifySignUpPage" time="6.885" errors="0" timestamp="2023-03-16T08:11:06 IST" skipped="0">
  <testcase classname="testpack.TestngClassSimple$VerifySignUpPage" name="verifySignUpPage" time="3.009"/>
  <system-out/>
  <testcase classname="testpack.TestngClassSimple$VerifySignUpPage" name="verifyLoginPage" time="3.876"/>
  <system-out/>
</testsuite> <!-- testpack.TestngClassSimple$VerifySignUpPage -->
