<?xml version="1.0" encoding="UTF-8"?>
<!-- Generated by org.testng.reporters.JUnitReportReporter -->
<testsuite hostname="DESKTOP-0ATAG9T" failures="0" tests="1" name="Test.TestNGClass2" time="0.002" errors="0" timestamp="2023-03-14T15:35:44 IST" skipped="0">
  <testcase classname="Test.TestNGClass2" name="test" time="0.002"/>
  <system-out/>
</testsuite> <!-- Test.TestNGClass2 -->
