<?xml version="1.0" encoding="UTF-8"?>
<!-- Generated by org.testng.reporters.JUnitReportReporter -->
<testsuite hostname="DESKTOP-0ATAG9T" failures="0" tests="2" name="testpack.VerifyLoginPage$VerifySignUpPage" time="8.615" errors="0" timestamp="2023-03-15T22:02:45 IST" skipped="0">
  <testcase classname="testpack.VerifyLoginPage$VerifySignUpPage" name="verifyLoginPage" time="3.859"/>
  <system-out/>
  <testcase classname="testpack.VerifyLoginPage$VerifySignUpPage" name="verifySignUpPage" time="4.756"/>
  <system-out/>
</testsuite> <!-- testpack.VerifyLoginPage$VerifySignUpPage -->
