<?xml version="1.0" encoding="UTF-8"?>
<!-- Generated by org.testng.reporters.JUnitReportReporter -->
<testsuite hostname="DESKTOP-0ATAG9T" failures="0" tests="1" name="Test.TestNGClass" time="0.018" errors="0" timestamp="2023-03-14T13:35:11 IST" skipped="0">
  <testcase classname="Test.TestNGClass" name="test" time="0.018"/>
  <system-out/>
</testsuite> <!-- Test.TestNGClass -->
