<?xml version="1.0" encoding="UTF-8"?>
<!-- Generated by org.testng.reporters.JUnitReportReporter -->
<testsuite hostname="DESKTOP-0ATAG9T" failures="0" tests="1" name="testpack.TestNGClass2" time="0.000" errors="0" timestamp="2023-03-15T20:15:03 IST" skipped="1">
  <testcase classname="testpack.TestNGClass2" name="test" time="0.000">
    <skipped/>
  </testcase> <!-- test -->
  <system-out/>
</testsuite> <!-- testpack.TestNGClass2 -->
