<?xml version="1.0" encoding="UTF-8"?>
<!-- Generated by org.testng.reporters.JUnitReportReporter -->
<testsuite hostname="DESKTOP-0ATAG9T" failures="0" tests="2" name="Test.Testclass" time="8.648" errors="0" timestamp="2023-03-12T16:50:19 IST" skipped="0">
  <testcase classname="Test.Testclass" name="test2" time="3.365"/>
  <system-out/>
  <testcase classname="Test.Testclass" name="test1" time="5.283"/>
  <system-out/>
</testsuite> <!-- Test.Testclass -->
